<?xml version="1.0" encoding="UTF-8"?>
<!-- Generated by org.testng.reporters.JUnitReportReporter -->
<testsuite hostname="Mervin-PC" name="IExplorer.Claim_Vida_IE" tests="8" failures="0" timestamp="10 Mar 2017 17:59:50 GMT" time="294.856" errors="0">
  <testcase name="T07_DatosSiniestro" time="11.211" classname="IExplorer.Claim_Vida_IE"/>
  <testcase name="T02_AgregarOtroDatoConctacto" time="52.802" classname="IExplorer.Claim_Vida_IE"/>
  <testcase name="T08_DatosBeneficiarios" time="39.609" classname="IExplorer.Claim_Vida_IE"/>
  <testcase name="T06_DatosCobertura" time="13.676" classname="IExplorer.Claim_Vida_IE"/>
  <testcase name="T04_EliminarDatosContacto" time="49.858" classname="IExplorer.Claim_Vida_IE"/>
  <testcase name="T01_AgregarDatosConctacto" time="56.345" classname="IExplorer.Claim_Vida_IE"/>
  <testcase name="T03_EditarDatosContacto" time="54.354" classname="IExplorer.Claim_Vida_IE"/>
  <testcase name="T05_ZAvanzarAdmitirExpediente" time="17.001" classname="IExplorer.Claim_Vida_IE"/>
</testsuite> <!-- IExplorer.Claim_Vida_IE -->
