<?xml version="1.0" encoding="UTF-8"?>
<!-- Generated by org.testng.reporters.JUnitReportReporter -->
<testsuite hostname="Mervin-PC" name="Test_BPM2" tests="2" failures="0" timestamp="3 Mar 2017 21:02:23 GMT" time="13.652" errors="0">
  <testcase name="testMetricas_SA_II" time="7.688" classname="Test_BPM2"/>
  <testcase name="testMetricas_SA" time="5.964" classname="Test_BPM2"/>
</testsuite> <!-- Test_BPM2 -->
